<?xml version="1.0" encoding="utf-8"?><testsuites name="pytest tests"><testsuite name="pytest" errors="0" failures="0" skipped="0" tests="21" time="1.498" timestamp="2026-09-13T19:56:21.551737+08:00" hostname="eric-server"><testcase classname="tests.test_task_balance_gn" name="test_worst_threshold_and_scalar" time="0.001" /><testcase classname="tests.test_task_balance_gn" name="test_symmetric_step_and_epigraph[0.0-1]" time="0.009" /><testcase classname="tests.test_task_balance_gn" name="test_symmetric_step_and_epigraph[0.0-6]" time="0.011" /><testcase classname="tests.test_task_balance_gn" name="test_symmetric_step_and_epigraph[0.0-7]" time="0.012" /><testcase classname="tests.test_task_balance_gn" name="test_symmetric_step_and_epigraph[1.0-1]" time="0.008" /><testcase classname="tests.test_task_balance_gn" name="test_symmetric_step_and_epigraph[1.0-6]" time="0.011" /><testcase classname="tests.test_task_balance_gn" name="test_symmetric_step_and_epigraph[1.0-7]" time="0.016" /><testcase classname="tests.test_task_balance_gn" name="test_deadline_does_not_invent_gap_or_command" time="0.000" /><testcase classname="tests.test_task_balance_gn" name="test_dual_derivative_and_fixed_face_curvature" time="0.000" /><testcase classname="tests.test_task_balance_gn" name="test_inexact_cap_is_not_optimality" time="0.000" /><testcase classname="tests.test_task_balance_gn" name="test_online_stationary_is_unchanged[0.0-panda]" time="0.037" /><testcase classname="tests.test_task_balance_gn" name="test_online_stationary_is_unchanged[0.0-ur5e]" time="0.008" /><testcase classname="tests.test_task_balance_gn" name="test_online_stationary_is_unchanged[1.0-panda]" time="0.007" /><testcase classname="tests.test_task_balance_gn" name="test_online_stationary_is_unchanged[1.0-ur5e]" time="0.007" /><testcase classname="tests.test_task_excess_gn" name="test_zero_set_and_inactive_block" time="0.008" /><testcase classname="tests.test_task_excess_gn" name="test_gradient_metric_and_isotropic" time="0.001" /><testcase classname="tests.test_task_excess_gn" name="test_bounded_descent_and_positive_damped_metric" time="0.025" /><testcase classname="tests.test_task_excess_gn" name="test_scalar_counterexample" time="0.000" /><testcase classname="tests.test_task_excess_gn" name="test_original_backend_derivative_and_dynamic_interval[panda]" time="0.007" /><testcase classname="tests.test_task_excess_gn" name="test_original_backend_derivative_and_dynamic_interval[ur5e]" time="0.007" /><testcase classname="tests.test_task_excess_gn" name="test_selected_input_recovers_without_other_seed" time="0.008" /></testsuite></testsuites>